<?xml version="1.0" encoding="UTF-8"?>
<testng-results ignored="0" total="1" passed="1" failed="0" skipped="0">
  <reporter-output>
  </reporter-output>
  <suite started-at="2025-07-22T14:07:54 SGT" name="GitHubTest" finished-at="2025-07-22T14:08:02 SGT" duration-ms="8690">
    <groups>
    </groups>
    <test started-at="2025-07-22T14:07:54 SGT" name="GitHub Landing Page" finished-at="2025-07-22T14:08:02 SGT" duration-ms="8690">
      <class name="TestCasesSteps.FInalProduct">
        <test-method signature="GitHub()[pri:0, instance:TestCasesSteps.FInalProduct@229c6181]" started-at="2025-07-22T14:07:54 SGT" name="GitHub" finished-at="2025-07-22T14:08:02 SGT" duration-ms="8641" status="PASS">
          <reporter-output>
          </reporter-output>
        </test-method> <!-- GitHub -->
      </class> <!-- TestCasesSteps.FInalProduct -->
    </test> <!-- GitHub Landing Page -->
  </suite> <!-- GitHubTest -->
</testng-results>
