<?xml version="1.0" encoding="UTF-8"?>
<testng-results ignored="0" total="2" passed="2" failed="0" skipped="0">
  <reporter-output>
  </reporter-output>
  <suite started-at="2025-07-23T16:53:30 SGT" name="GitHubTest" finished-at="2025-07-23T16:53:45 SGT" duration-ms="15159">
    <groups>
    </groups>
    <test started-at="2025-07-23T16:53:30 SGT" name="GitHub Landing Page" finished-at="2025-07-23T16:53:45 SGT" duration-ms="15159">
      <class name="TestCasesSteps.FInalProduct">
        <test-method is-config="true" signature="launchApplication()[pri:0, instance:TestCasesSteps.FInalProduct@53fe15ff]" started-at="2025-07-23T16:53:30 SGT" name="launchApplication" finished-at="2025-07-23T16:53:33 SGT" duration-ms="3424" status="PASS">
          <reporter-output>
          </reporter-output>
        </test-method> <!-- launchApplication -->
        <test-method signature="GitHub(java.util.HashMap)[pri:0, instance:TestCasesSteps.FInalProduct@53fe15ff]" started-at="2025-07-23T16:53:33 SGT" name="GitHub" data-provider="dataProvider" finished-at="2025-07-23T16:53:38 SGT" duration-ms="4672" status="PASS">
          <params>
            <param index="0">
              <value>
                <![CDATA[{password=pass123, email=sctt}]]>
              </value>
            </param>
          </params>
          <reporter-output>
          </reporter-output>
        </test-method> <!-- GitHub -->
        <test-method is-config="true" signature="tearDown()[pri:0, instance:TestCasesSteps.FInalProduct@53fe15ff]" started-at="2025-07-23T16:53:38 SGT" name="tearDown" finished-at="2025-07-23T16:53:38 SGT" duration-ms="278" status="PASS">
          <reporter-output>
          </reporter-output>
        </test-method> <!-- tearDown -->
        <test-method is-config="true" signature="launchApplication()[pri:0, instance:TestCasesSteps.FInalProduct@53fe15ff]" started-at="2025-07-23T16:53:38 SGT" name="launchApplication" finished-at="2025-07-23T16:53:41 SGT" duration-ms="2806" status="PASS">
          <reporter-output>
          </reporter-output>
        </test-method> <!-- launchApplication -->
        <test-method signature="GitHub(java.util.HashMap)[pri:0, instance:TestCasesSteps.FInalProduct@53fe15ff]" started-at="2025-07-23T16:53:41 SGT" name="GitHub" data-provider="dataProvider" finished-at="2025-07-23T16:53:44 SGT" duration-ms="3386" status="PASS">
          <params>
            <param index="0">
              <value>
                <![CDATA[{password=pass789, email=escueata}]]>
              </value>
            </param>
          </params>
          <reporter-output>
          </reporter-output>
        </test-method> <!-- GitHub -->
        <test-method is-config="true" signature="tearDown()[pri:0, instance:TestCasesSteps.FInalProduct@53fe15ff]" started-at="2025-07-23T16:53:44 SGT" name="tearDown" finished-at="2025-07-23T16:53:45 SGT" duration-ms="308" status="PASS">
          <reporter-output>
          </reporter-output>
        </test-method> <!-- tearDown -->
      </class> <!-- TestCasesSteps.FInalProduct -->
    </test> <!-- GitHub Landing Page -->
  </suite> <!-- GitHubTest -->
</testng-results>
