<?xml version="1.0" encoding="UTF-8"?>
<!-- Generated by org.testng.reporters.JUnitXMLReporter -->
<testsuite ignored="0" hostname="ALSPROJ-00010" failures="1" tests="1" name="FInalProduct" time="0.059" errors="0" timestamp="2025-07-23T16:22:26 SGT">
  <testcase classname="TestCasesSteps.FInalProduct" name="GitHub" time="0.0">
    <failure type="org.testng.TestNGException" message="
Cannot inject @Test annotated Method [GitHub] with [class java.util.HashMap].
For more information on native dependency injection please refer to https://testng.org/#_dependency_injection">
      <![CDATA[org.testng.TestNGException: 
Cannot inject @Test annotated Method [GitHub] with [class java.util.HashMap].
For more information on native dependency injection please refer to https://testng.org/#_dependency_injection
at java.base/java.util.ArrayList.forEach(ArrayList.java:1541)
at java.base/java.util.concurrent.FutureTask.run(FutureTask.java:264)
at java.base/java.util.concurrent.ThreadPoolExecutor.runWorker(ThreadPoolExecutor.java:1128)
at java.base/java.util.concurrent.ThreadPoolExecutor$Worker.run(ThreadPoolExecutor.java:628)
at java.base/java.lang.Thread.run(Thread.java:834)
... Removed 16 stack frames]]>
    </failure>
  </testcase> <!-- GitHub -->
</testsuite> <!-- FInalProduct -->
