<?xml version="1.0" encoding="UTF-8"?>
<!-- Generated by org.testng.reporters.JUnitXMLReporter -->
<testsuite ignored="0" hostname="ALSPROJ-00010" failures="0" tests="2" name="FInalProduct" time="1.488" errors="0" timestamp="2025-08-12T18:05:28 SGT">
  <testcase classname="TestCasesSteps.FInalProduct" name="GitHub" time="0.0">
    <skipped/>
  </testcase> <!-- GitHub -->
  <testcase classname="TestCasesSteps.FInalProduct" name="GitHub" time="0.0">
    <skipped/>
  </testcase> <!-- GitHub -->
</testsuite> <!-- FInalProduct -->
