<?xml version="1.0" encoding="UTF-8"?>
<!-- Generated by org.testng.reporters.JUnitXMLReporter -->
<testsuite ignored="0" hostname="ALSPROJ-00010" failures="2" tests="4" name="GitHub Landing Page" time="34.968" errors="0" timestamp="2025-08-12T19:00:13 SGT">
  <testcase classname="TestCasesSteps.FInalProduct" name="GitHub" time="5.006">
    <skipped/>
  </testcase> <!-- GitHub -->
  <testcase classname="TestCasesSteps.FInalProduct" name="GitHub" time="4.003">
    <failure type="java.lang.AssertionError" message="expected [Incorrect username  password.] but found [Incorrect username or password.]">
      <![CDATA[java.lang.AssertionError: expected [Incorrect username  password.] but found [Incorrect username or password.]
at TestCasesSteps.FInalProduct.GitHub(FInalProduct.java:32)
at java.base/java.util.ArrayList.forEach(ArrayList.java:1541)
... Removed 33 stack frames]]>
    </failure>
  </testcase> <!-- GitHub -->
  <testcase classname="TestCasesSteps.FInalProduct" name="GitHub" time="5.052">
    <skipped/>
  </testcase> <!-- GitHub -->
  <testcase classname="TestCasesSteps.FInalProduct" name="GitHub" time="4.726">
    <failure type="java.lang.AssertionError" message="expected [Incorrect username  password.] but found [Incorrect username or password.]">
      <![CDATA[java.lang.AssertionError: expected [Incorrect username  password.] but found [Incorrect username or password.]
at TestCasesSteps.FInalProduct.GitHub(FInalProduct.java:32)
at java.base/java.util.ArrayList.forEach(ArrayList.java:1541)
... Removed 33 stack frames]]>
    </failure>
  </testcase> <!-- GitHub -->
</testsuite> <!-- GitHub Landing Page -->
